SQL> drop index ibge.dopp81_1079_1026_FK_I;

Índice eliminado.

SQL> --
SQL> --create unique index dopp81_uk1
SQL> --on dopp81 (codanopesq,codregeogr,codufcenso,codarmetro,nrctrl,nrserie)
SQL> --tablespace pnadi1981;
SQL> --
SQL> set serveroutput on
SQL> set arrays 5000
SQL> --
SQL> execute UpdDopp('DPALUG81','dopp81','ALUGME101','CODALUGME2');
Atualizados ate o momento 5000 linha(s) em 14 segundos                                              
Atualizados ate o momento 10000 linha(s) em 28 segundos                                             
Atualizados ate o momento 15000 linha(s) em 42 segundos                                             
Atualizados ate o momento 20000 linha(s) em 57 segundos                                             
Total atualizado de 24515 linha(s) em 70 segundos                                                   

Procedimento PL/SQL concluído com sucesso.

SQL> --
SQL> create bitmap index dopp81_1079_1026_FK_I
  2  on dopp81(codalugme2)
  3  tablespace pnadi1981;

Índice criado.

SQL> --
SQL> spool off
