SQL> drop index ibge.dopp81_1086_1026_FK_I;

Índice eliminado.

SQL> --
SQL> --create unique index dopp81_uk1
SQL> --on dopp86 (codanopesq,codregeogr,codufcenso,codarmetro,nrctrl,nrserie)
SQL> --tablespace pnadi1981;
SQL> --
SQL> set serveroutput on
SQL> set arrays 5000
SQL> --
SQL> execute UpdDopp('DPPRES81','dopp81','PRESTME101','CODPRESTME2');
Atualizados ate o momento 5000 linha(s) em 14 segundos                                              
Total atualizado de 7772 linha(s) em 22 segundos                                                    

Procedimento PL/SQL concluído com sucesso.

SQL> --
SQL> create bitmap index dopp81_1086_1026_FK_I
  2  on dopp81(CODPRESTME2)
  3  tablespace pnadi1981;

Índice criado.

SQL> --
SQL> spool off
