SQL> drop index ibge.fami82_1146_1002_FK_I;

Índice eliminado.

SQL> --
SQL> -- create unique index Fami820_uk1
SQL> -- on Fami82 (codanopesq,codregeogr,codufcenso,codarmetro,nrctrl,nrserie,nrfami)
SQL> -- tablespace pnadi1982;
SQL> --
SQL> set serveroutput on
SQL> set arrays 5000
SQL> --
SQL> execute UpdFami('TPFAM82','Fami82','CODTPFAM');
Atualizados ate o momento 5000 linha(s) em 14 segundos                                              
Atualizados ate o momento 10000 linha(s) em 29 segundos                                             
Atualizados ate o momento 15000 linha(s) em 45 segundos                                             
Atualizados ate o momento 20000 linha(s) em 61 segundos                                             
Atualizados ate o momento 25000 linha(s) em 76 segundos                                             
Atualizados ate o momento 30000 linha(s) em 91 segundos                                             
Atualizados ate o momento 35000 linha(s) em 106 segundos                                            
Atualizados ate o momento 40000 linha(s) em 121 segundos                                            
Atualizados ate o momento 45000 linha(s) em 136 segundos                                            
Atualizados ate o momento 50000 linha(s) em 152 segundos                                            
Atualizados ate o momento 55000 linha(s) em 167 segundos                                            
Atualizados ate o momento 60000 linha(s) em 182 segundos                                            
Atualizados ate o momento 65000 linha(s) em 197 segundos                                            
Atualizados ate o momento 70000 linha(s) em 212 segundos                                            
Atualizados ate o momento 75000 linha(s) em 227 segundos                                            
Atualizados ate o momento 80000 linha(s) em 242 segundos                                            
Atualizados ate o momento 85000 linha(s) em 259 segundos                                            
Atualizados ate o momento 90000 linha(s) em 274 segundos                                            
Atualizados ate o momento 95000 linha(s) em 289 segundos                                            
Atualizados ate o momento 100000 linha(s) em 305 segundos                                           
Atualizados ate o momento 105000 linha(s) em 321 segundos                                           
Atualizados ate o momento 110000 linha(s) em 337 segundos                                           
Atualizados ate o momento 115000 linha(s) em 354 segundos                                           
Total atualizado de 118577 linha(s) em 366 segundos                                                 

Procedimento PL/SQL concluído com sucesso.

SQL> --
SQL> CREATE BITMAP INDEX fami82_1146_1002_FK_I
  2  ON fami82(CODTPFAM)
  3  tablespace pnadi1982;

Índice criado.

SQL> --
SQL> spool off
