SQL> drop index ibge.fami90_1146_1002_FK_I;

Índice eliminado.

SQL> --
SQL> -- create unique index Fami900_uk1
SQL> -- on Fami90 (codanopesq,codregeogr,codufcenso,codarmetro,nrctrl,nrserie,nrfami)
SQL> -- tablespace pnadi1990;
SQL> --
SQL> set serveroutput on
SQL> set arrays 5000
SQL> --
SQL> execute UpdFami('TPFAM90','Fami90','CODTPFAM');
Atualizados ate o momento 5000 linha(s) em 16 segundos                                              
Atualizados ate o momento 10000 linha(s) em 32 segundos                                             
Atualizados ate o momento 15000 linha(s) em 49 segundos                                             
Atualizados ate o momento 20000 linha(s) em 65 segundos                                             
Atualizados ate o momento 25000 linha(s) em 81 segundos                                             
Atualizados ate o momento 30000 linha(s) em 96 segundos                                             
Atualizados ate o momento 35000 linha(s) em 113 segundos                                            
Atualizados ate o momento 40000 linha(s) em 128 segundos                                            
Atualizados ate o momento 45000 linha(s) em 144 segundos                                            
Atualizados ate o momento 50000 linha(s) em 159 segundos                                            
Atualizados ate o momento 55000 linha(s) em 175 segundos                                            
Atualizados ate o momento 60000 linha(s) em 191 segundos                                            
Atualizados ate o momento 65000 linha(s) em 206 segundos                                            
Atualizados ate o momento 70000 linha(s) em 221 segundos                                            
Atualizados ate o momento 75000 linha(s) em 237 segundos                                            
Total atualizado de 78512 linha(s) em 247 segundos                                                  

Procedimento PL/SQL concluído com sucesso.

SQL> --
SQL> CREATE BITMAP INDEX fami90_1146_1002_FK_I
  2  ON fami90(CODTPFAM)
  3  tablespace pnadi1990@;
tablespace pnadi1990@
                    *
ERRO na linha 3:
ORA-02158: invalid CREATE INDEX option 


SQL> --
SQL> spool off
