SQL> drop index ibge.fami81_1146_1002_FK_I;

Índice eliminado.

SQL> --
SQL> -- create unique index Fami810_uk1
SQL> -- on Fami81 (codanopesq,codregeogr,codufcenso,codarmetro,nrctrl,nrserie,nrfami)
SQL> -- tablespace pnadi1981;
SQL> --
SQL> set serveroutput on
SQL> set arrays 5000
SQL> --
SQL> execute UpdFami('TPFAM81','Fami81','CODTPFAM');
Atualizados ate o momento 5000 linha(s) em 14 segundos                                              
Atualizados ate o momento 10000 linha(s) em 29 segundos                                             
Atualizados ate o momento 15000 linha(s) em 44 segundos                                             
Atualizados ate o momento 20000 linha(s) em 59 segundos                                             
Atualizados ate o momento 25000 linha(s) em 77 segundos                                             
Atualizados ate o momento 30000 linha(s) em 92 segundos                                             
Atualizados ate o momento 35000 linha(s) em 107 segundos                                            
Atualizados ate o momento 40000 linha(s) em 122 segundos                                            
Atualizados ate o momento 45000 linha(s) em 137 segundos                                            
Atualizados ate o momento 50000 linha(s) em 152 segundos                                            
Atualizados ate o momento 55000 linha(s) em 167 segundos                                            
Atualizados ate o momento 60000 linha(s) em 183 segundos                                            
Atualizados ate o momento 65000 linha(s) em 198 segundos                                            
Atualizados ate o momento 70000 linha(s) em 213 segundos                                            
Atualizados ate o momento 75000 linha(s) em 228 segundos                                            
Atualizados ate o momento 80000 linha(s) em 244 segundos                                            
Atualizados ate o momento 85000 linha(s) em 259 segundos                                            
Atualizados ate o momento 90000 linha(s) em 274 segundos                                            
Atualizados ate o momento 95000 linha(s) em 290 segundos                                            
Atualizados ate o momento 100000 linha(s) em 305 segundos                                           
Atualizados ate o momento 105000 linha(s) em 320 segundos                                           
Atualizados ate o momento 110000 linha(s) em 335 segundos                                           
Total atualizado de 110926 linha(s) em 338 segundos                                                 

Procedimento PL/SQL concluído com sucesso.

SQL> --
SQL> CREATE BITMAP INDEX fami81_1146_1002_FK_I
  2  ON fami81(CODTPFAM)
  3  tablespace pnadi1981;

Índice criado.

SQL> --
SQL> spool off
