

***********************************************************************
Fatal NI connect error 12560, connecting to:
 (DESCRIPTION=(ADDRESS=(PROTOCOL=BEQ)(PROGRAM=oracle)(ARGV0=oracleORCL)(ARGS='(DESCRIPTION=(LOCAL=YES)(ADDRESS=(PROTOCOL=beq)))'))(CONNECT_DATA=(SID=ORCL)(CID=(PROGRAM=C:\Arquivos de programas\Embarcadero\DBA51\Artisan.exe)(HOST=TERJ0PCS005014)(USER=CON7312))))

  VERSION INFORMATION:
	TNS for 32-bit Windows: Version 8.1.7.0.0 - Production
	Oracle Bequeath NT Protocol Adapter for 32-bit Windows: Version 8.1.7.0.0 - Production
  Time: 08-AGO-2002 11:35:14
  Tracing not turned on.
  Tns error struct:
    nr err code: 0
    ns main err code: 12560
    TNS-12560: TNS:erro de adaptador de protocolo
    ns secondary err code: 0
    nt main err code: 530
    TNS-00530: Erro do adaptador de protocolo
    nt secondary err code: 126
    nt OS err code: 0


***********************************************************************
Fatal NI connect error 12560, connecting to:
 (DESCRIPTION=(ADDRESS=(PROTOCOL=BEQ)(PROGRAM=oracle)(ARGV0=oracleORCL)(ARGS='(DESCRIPTION=(LOCAL=YES)(ADDRESS=(PROTOCOL=beq)))'))(CONNECT_DATA=(SID=ORCL)(CID=(PROGRAM=C:\Arquivos de programas\Embarcadero\DBA51\Artisan.exe)(HOST=TERJ0PCS005014)(USER=CON7312))))

  VERSION INFORMATION:
	TNS for 32-bit Windows: Version 8.1.7.0.0 - Production
	Oracle Bequeath NT Protocol Adapter for 32-bit Windows: Version 8.1.7.0.0 - Production
  Time: 08-AGO-2002 11:35:14
  Tracing not turned on.
  Tns error struct:
    nr err code: 0
    ns main err code: 12560
    TNS-12560: TNS:erro de adaptador de protocolo
    ns secondary err code: 0
    nt main err code: 530
    TNS-00530: Erro do adaptador de protocolo
    nt secondary err code: 126
    nt OS err code: 0


***********************************************************************
Fatal NI connect error 12560, connecting to:
 (DESCRIPTION=(ADDRESS=(PROTOCOL=BEQ)(PROGRAM=oracle)(ARGV0=oracleORCL)(ARGS='(DESCRIPTION=(LOCAL=YES)(ADDRESS=(PROTOCOL=beq)))'))(CONNECT_DATA=(SID=ORCL)(CID=(PROGRAM=C:\Arquivos de programas\Embarcadero\DBA51\Artisan.exe)(HOST=TERJ0PCS005014)(USER=CON7312))))

  VERSION INFORMATION:
	TNS for 32-bit Windows: Version 8.1.7.0.0 - Production
	Oracle Bequeath NT Protocol Adapter for 32-bit Windows: Version 8.1.7.0.0 - Production
  Time: 08-AGO-2002 11:35:15
  Tracing not turned on.
  Tns error struct:
    nr err code: 0
    ns main err code: 12560
    TNS-12560: TNS:erro de adaptador de protocolo
    ns secondary err code: 0
    nt main err code: 530
    TNS-00530: Erro do adaptador de protocolo
    nt secondary err code: 126
    nt OS err code: 0


***********************************************************************
Fatal NI connect error 12560, connecting to:
 (DESCRIPTION=(ADDRESS=(PROTOCOL=BEQ)(PROGRAM=oracle)(ARGV0=oracleORCL)(ARGS='(DESCRIPTION=(LOCAL=YES)(ADDRESS=(PROTOCOL=beq)))'))(CONNECT_DATA=(SID=ORCL)(CID=(PROGRAM=C:\Arquivos de programas\Embarcadero\DBA51\Artisan.exe)(HOST=TERJ0PCS005014)(USER=CON7312))))

  VERSION INFORMATION:
	TNS for 32-bit Windows: Version 8.1.7.0.0 - Production
	Oracle Bequeath NT Protocol Adapter for 32-bit Windows: Version 8.1.7.0.0 - Production
  Time: 08-AGO-2002 11:35:15
  Tracing not turned on.
  Tns error struct:
    nr err code: 0
    ns main err code: 12560
    TNS-12560: TNS:erro de adaptador de protocolo
    ns secondary err code: 0
    nt main err code: 530
    TNS-00530: Erro do adaptador de protocolo
    nt secondary err code: 126
    nt OS err code: 0


***********************************************************************
Fatal NI connect error 12560, connecting to:
 (DESCRIPTION=(ADDRESS=(PROTOCOL=BEQ)(PROGRAM=oracle)(ARGV0=oracleORCL)(ARGS='(DESCRIPTION=(LOCAL=YES)(ADDRESS=(PROTOCOL=beq)))'))(CONNECT_DATA=(SID=ORCL)(CID=(PROGRAM=C:\Arquivos de programas\Embarcadero\DBA51\Artisan.exe)(HOST=TERJ0PCS005014)(USER=CON7312))))

  VERSION INFORMATION:
	TNS for 32-bit Windows: Version 8.1.7.0.0 - Production
	Oracle Bequeath NT Protocol Adapter for 32-bit Windows: Version 8.1.7.0.0 - Production
  Time: 08-AGO-2002 11:35:15
  Tracing not turned on.
  Tns error struct:
    nr err code: 0
    ns main err code: 12560
    TNS-12560: TNS:erro de adaptador de protocolo
    ns secondary err code: 0
    nt main err code: 530
    TNS-00530: Erro do adaptador de protocolo
    nt secondary err code: 126
    nt OS err code: 0


***********************************************************************
Fatal NI connect error 12560, connecting to:
 (DESCRIPTION=(ADDRESS=(PROTOCOL=BEQ)(PROGRAM=oracle)(ARGV0=oracleORCL)(ARGS='(DESCRIPTION=(LOCAL=YES)(ADDRESS=(PROTOCOL=beq)))'))(CONNECT_DATA=(SID=ORCL)(CID=(PROGRAM=C:\Arquivos de programas\Embarcadero\DBA51\Artisan.exe)(HOST=TERJ0PCS005014)(USER=CON7312))))

  VERSION INFORMATION:
	TNS for 32-bit Windows: Version 8.1.7.0.0 - Production
	Oracle Bequeath NT Protocol Adapter for 32-bit Windows: Version 8.1.7.0.0 - Production
  Time: 08-AGO-2002 11:45:28
  Tracing not turned on.
  Tns error struct:
    nr err code: 0
    ns main err code: 12560
    TNS-12560: TNS:erro de adaptador de protocolo
    ns secondary err code: 0
    nt main err code: 530
    TNS-00530: Erro do adaptador de protocolo
    nt secondary err code: 126
    nt OS err code: 0


***********************************************************************
Fatal NI connect error 12560, connecting to:
 (DESCRIPTION=(ADDRESS=(PROTOCOL=BEQ)(PROGRAM=oracle)(ARGV0=oracleORCL)(ARGS='(DESCRIPTION=(LOCAL=YES)(ADDRESS=(PROTOCOL=beq)))'))(CONNECT_DATA=(SID=ORCL)(CID=(PROGRAM=C:\Arquivos de programas\Embarcadero\DBA51\Artisan.exe)(HOST=TERJ0PCS005014)(USER=CON7312))))

  VERSION INFORMATION:
	TNS for 32-bit Windows: Version 8.1.7.0.0 - Production
	Oracle Bequeath NT Protocol Adapter for 32-bit Windows: Version 8.1.7.0.0 - Production
  Time: 23-SET-2002 20:10:41
  Tracing not turned on.
  Tns error struct:
    nr err code: 0
    ns main err code: 12560
    TNS-12560: TNS:erro de adaptador de protocolo
    ns secondary err code: 0
    nt main err code: 530
    TNS-00530: Erro do adaptador de protocolo
    nt secondary err code: 126
    nt OS err code: 0


***********************************************************************
Fatal NI connect error 12560, connecting to:
 (DESCRIPTION=(ADDRESS=(PROTOCOL=BEQ)(PROGRAM=oracle)(ARGV0=oracleORCL)(ARGS='(DESCRIPTION=(LOCAL=YES)(ADDRESS=(PROTOCOL=beq)))'))(CONNECT_DATA=(SID=ORCL)(CID=(PROGRAM=C:\ARQUIV~1\EMBARC~1\DBA51\Artisan.exe)(HOST=TERJ0PCS005340)(USER=CON8181))))

  VERSION INFORMATION:
	TNS for 32-bit Windows: Version 8.1.7.0.0 - Production
	Oracle Bequeath NT Protocol Adapter for 32-bit Windows: Version 8.1.7.0.0 - Production
  Time: 31-OUT-2002 20:48:52
  Tracing not turned on.
  Tns error struct:
    nr err code: 0
    ns main err code: 12560
    TNS-12560: TNS:erro de adaptador de protocolo
    ns secondary err code: 0
    nt main err code: 530
    TNS-00530: Erro do adaptador de protocolo
    nt secondary err code: 126
    nt OS err code: 0


***********************************************************************
Fatal NI connect error 12560, connecting to:
 (DESCRIPTION=(ADDRESS=(PROTOCOL=BEQ)(PROGRAM=oracle)(ARGV0=oracleORCL)(ARGS='(DESCRIPTION=(LOCAL=YES)(ADDRESS=(PROTOCOL=beq)))'))(CONNECT_DATA=(SID=ORCL)(CID=(PROGRAM=C:\ARQUIV~1\EMBARC~1\DBA51\Artisan.exe)(HOST=TERJ0PCS005340)(USER=CON8181))))

  VERSION INFORMATION:
	TNS for 32-bit Windows: Version 8.1.7.0.0 - Production
	Oracle Bequeath NT Protocol Adapter for 32-bit Windows: Version 8.1.7.0.0 - Production
  Time: 31-OUT-2002 20:48:53
  Tracing not turned on.
  Tns error struct:
    nr err code: 0
    ns main err code: 12560
    TNS-12560: TNS:erro de adaptador de protocolo
    ns secondary err code: 0
    nt main err code: 530
    TNS-00530: Erro do adaptador de protocolo
    nt secondary err code: 126
    nt OS err code: 0


***********************************************************************
Fatal NI connect error 12560, connecting to:
 (DESCRIPTION=(ADDRESS=(PROTOCOL=BEQ)(PROGRAM=oracle)(ARGV0=oracleORCL)(ARGS='(DESCRIPTION=(LOCAL=YES)(ADDRESS=(PROTOCOL=beq)))'))(CONNECT_DATA=(SID=ORCL)(CID=(PROGRAM=C:\ARQUIV~1\EMBARC~1\DBA51\Artisan.exe)(HOST=TERJ0PCS005340)(USER=CON8181))))

  VERSION INFORMATION:
	TNS for 32-bit Windows: Version 8.1.7.0.0 - Production
	Oracle Bequeath NT Protocol Adapter for 32-bit Windows: Version 8.1.7.0.0 - Production
	Windows NT TCP/IP NT Protocol Adapter for 32-bit Windows: Version 8.1.7.0.0 - Production
  Time: 31-OUT-2002 23:11:50
  Tracing not turned on.
  Tns error struct:
    nr err code: 0
    ns main err code: 12560
    TNS-12560: TNS:erro de adaptador de protocolo
    ns secondary err code: 0
    nt main err code: 530
    TNS-00530: Erro do adaptador de protocolo
    nt secondary err code: 126
    nt OS err code: 0


***********************************************************************
Fatal NI connect error 12560, connecting to:
 (DESCRIPTION=(ADDRESS=(PROTOCOL=BEQ)(PROGRAM=oracle)(ARGV0=oracleORCL)(ARGS='(DESCRIPTION=(LOCAL=YES)(ADDRESS=(PROTOCOL=beq)))'))(CONNECT_DATA=(SID=ORCL)(CID=(PROGRAM=C:\ARQUIV~1\EMBARC~1\DBA51\Artisan.exe)(HOST=TERJ0PCS005340)(USER=CON8181))))

  VERSION INFORMATION:
	TNS for 32-bit Windows: Version 8.1.7.0.0 - Production
	Oracle Bequeath NT Protocol Adapter for 32-bit Windows: Version 8.1.7.0.0 - Production
	Windows NT TCP/IP NT Protocol Adapter for 32-bit Windows: Version 8.1.7.0.0 - Production
  Time: 31-OUT-2002 23:11:50
  Tracing not turned on.
  Tns error struct:
    nr err code: 0
    ns main err code: 12560
    TNS-12560: TNS:erro de adaptador de protocolo
    ns secondary err code: 0
    nt main err code: 530
    TNS-00530: Erro do adaptador de protocolo
    nt secondary err code: 126
    nt OS err code: 0


***********************************************************************
Fatal NI connect error 12560, connecting to:
 (DESCRIPTION=(ADDRESS=(PROTOCOL=BEQ)(PROGRAM=oracle)(ARGV0=oracleORCL)(ARGS='(DESCRIPTION=(LOCAL=YES)(ADDRESS=(PROTOCOL=beq)))'))(CONNECT_DATA=(SID=ORCL)(CID=(PROGRAM=C:\Arquivos de programas\Embarcadero\DBA51\Artisan.exe)(HOST=TERJ0PCS001770)(USER=64606))))

  VERSION INFORMATION:
	TNS for 32-bit Windows: Version 8.1.7.0.0 - Production
	Oracle Bequeath NT Protocol Adapter for 32-bit Windows: Version 8.1.7.0.0 - Production
  Time: 29-ABR-2003 14:53:11
  Tracing not turned on.
  Tns error struct:
    nr err code: 0
    ns main err code: 12560
    TNS-12560: TNS:erro de adaptador de protocolo
    ns secondary err code: 0
    nt main err code: 530
    TNS-00530: Erro do adaptador de protocolo
    nt secondary err code: 126
    nt OS err code: 0


***********************************************************************
Fatal NI connect error 12560, connecting to:
 (DESCRIPTION=(ADDRESS=(PROTOCOL=BEQ)(PROGRAM=oracle)(ARGV0=oracleORCL)(ARGS='(DESCRIPTION=(LOCAL=YES)(ADDRESS=(PROTOCOL=beq)))'))(CONNECT_DATA=(SID=ORCL)(CID=(PROGRAM=C:\Arquivos de programas\Embarcadero\DBA51\Artisan.exe)(HOST=TERJ0PCS001770)(USER=64606))))

  VERSION INFORMATION:
	TNS for 32-bit Windows: Version 8.1.7.0.0 - Production
	Oracle Bequeath NT Protocol Adapter for 32-bit Windows: Version 8.1.7.0.0 - Production
	Windows NT TCP/IP NT Protocol Adapter for 32-bit Windows: Version 8.1.7.0.0 - Production
  Time: 29-ABR-2003 21:02:23
  Tracing not turned on.
  Tns error struct:
    nr err code: 0
    ns main err code: 12560
    TNS-12560: TNS:erro de adaptador de protocolo
    ns secondary err code: 0
    nt main err code: 530
    TNS-00530: Erro do adaptador de protocolo
    nt secondary err code: 126
    nt OS err code: 0


***********************************************************************
Fatal NI connect error 12560, connecting to:
 (DESCRIPTION=(ADDRESS=(PROTOCOL=BEQ)(PROGRAM=oracle)(ARGV0=oracleORCL)(ARGS='(DESCRIPTION=(LOCAL=YES)(ADDRESS=(PROTOCOL=beq)))'))(CONNECT_DATA=(SID=ORCL)(CID=(PROGRAM=C:\Arquivos de programas\Embarcadero\DBA51\Artisan.exe)(HOST=TERJ0PCS001770)(USER=64606))))

  VERSION INFORMATION:
	TNS for 32-bit Windows: Version 8.1.7.0.0 - Production
	Oracle Bequeath NT Protocol Adapter for 32-bit Windows: Version 8.1.7.0.0 - Production
	Windows NT TCP/IP NT Protocol Adapter for 32-bit Windows: Version 8.1.7.0.0 - Production
  Time: 28-JUL-2003 16:40:10
  Tracing not turned on.
  Tns error struct:
    nr err code: 0
    ns main err code: 12560
    TNS-12560: TNS:erro de adaptador de protocolo
    ns secondary err code: 0
    nt main err code: 530
    TNS-00530: Erro do adaptador de protocolo
    nt secondary err code: 126
    nt OS err code: 0


***********************************************************************
Fatal NI connect error 12560, connecting to:
 (DESCRIPTION=(ADDRESS=(PROTOCOL=BEQ)(PROGRAM=oracle)(ARGV0=oracleORCL)(ARGS='(DESCRIPTION=(LOCAL=YES)(ADDRESS=(PROTOCOL=beq)))'))(CONNECT_DATA=(SID=ORCL)(CID=(PROGRAM=C:\Arquivos de programas\Embarcadero\DBA51\Artisan.exe)(HOST=TERJ0PCS001770)(USER=64606))))

  VERSION INFORMATION:
	TNS for 32-bit Windows: Version 8.1.7.0.0 - Production
	Oracle Bequeath NT Protocol Adapter for 32-bit Windows: Version 8.1.7.0.0 - Production
	Windows NT TCP/IP NT Protocol Adapter for 32-bit Windows: Version 8.1.7.0.0 - Production
  Time: 28-JUL-2003 16:40:10
  Tracing not turned on.
  Tns error struct:
    nr err code: 0
    ns main err code: 12560
    TNS-12560: TNS:erro de adaptador de protocolo
    ns secondary err code: 0
    nt main err code: 530
    TNS-00530: Erro do adaptador de protocolo
    nt secondary err code: 126
    nt OS err code: 0


***********************************************************************
Fatal NI connect error 12560, connecting to:
 (DESCRIPTION=(ADDRESS=(PROTOCOL=BEQ)(PROGRAM=oracle)(ARGV0=oracleORCL)(ARGS='(DESCRIPTION=(LOCAL=YES)(ADDRESS=(PROTOCOL=beq)))'))(CONNECT_DATA=(SID=ORCL)(CID=(PROGRAM=C:\Arquivos de programas\Embarcadero\DBA51\Artisan.exe)(HOST=TERJ0PCS001770)(USER=64606))))

  VERSION INFORMATION:
	TNS for 32-bit Windows: Version 8.1.7.0.0 - Production
	Oracle Bequeath NT Protocol Adapter for 32-bit Windows: Version 8.1.7.0.0 - Production
	Windows NT TCP/IP NT Protocol Adapter for 32-bit Windows: Version 8.1.7.0.0 - Production
  Time: 28-JUL-2003 16:41:04
  Tracing not turned on.
  Tns error struct:
    nr err code: 0
    ns main err code: 12560
    TNS-12560: TNS:erro de adaptador de protocolo
    ns secondary err code: 0
    nt main err code: 530
    TNS-00530: Erro do adaptador de protocolo
    nt secondary err code: 126
    nt OS err code: 0


***********************************************************************
Fatal NI connect error 12560, connecting to:
 (DESCRIPTION=(ADDRESS=(PROTOCOL=BEQ)(PROGRAM=oracle)(ARGV0=oracleORCL)(ARGS='(DESCRIPTION=(LOCAL=YES)(ADDRESS=(PROTOCOL=beq)))'))(CONNECT_DATA=(SID=ORCL)(CID=(PROGRAM=C:\Arquivos de programas\Embarcadero\DBA51\Artisan.exe)(HOST=TERJ0PCS001770)(USER=64606))))

  VERSION INFORMATION:
	TNS for 32-bit Windows: Version 8.1.7.0.0 - Production
	Oracle Bequeath NT Protocol Adapter for 32-bit Windows: Version 8.1.7.0.0 - Production
	Windows NT TCP/IP NT Protocol Adapter for 32-bit Windows: Version 8.1.7.0.0 - Production
  Time: 28-JUL-2003 16:41:04
  Tracing not turned on.
  Tns error struct:
    nr err code: 0
    ns main err code: 12560
    TNS-12560: TNS:erro de adaptador de protocolo
    ns secondary err code: 0
    nt main err code: 530
    TNS-00530: Erro do adaptador de protocolo
    nt secondary err code: 126
    nt OS err code: 0


***********************************************************************
Fatal NI connect error 12560, connecting to:
 (DESCRIPTION=(ADDRESS=(PROTOCOL=BEQ)(PROGRAM=oracle)(ARGV0=oracleORCL)(ARGS='(DESCRIPTION=(LOCAL=YES)(ADDRESS=(PROTOCOL=beq)))'))(CONNECT_DATA=(SID=ORCL)(CID=(PROGRAM=C:\Arquivos de programas\Embarcadero\DBA51\Artisan.exe)(HOST=TERJ0PCS001770)(USER=64606))))

  VERSION INFORMATION:
	TNS for 32-bit Windows: Version 8.1.7.0.0 - Production
	Oracle Bequeath NT Protocol Adapter for 32-bit Windows: Version 8.1.7.0.0 - Production
  Time: 09-SET-2003 17:49:50
  Tracing not turned on.
  Tns error struct:
    nr err code: 0
    ns main err code: 12560
    TNS-12560: TNS:erro de adaptador de protocolo
    ns secondary err code: 0
    nt main err code: 530
    TNS-00530: Erro do adaptador de protocolo
    nt secondary err code: 126
    nt OS err code: 0


***********************************************************************
Fatal NI connect error 12560, connecting to:
 (DESCRIPTION=(ADDRESS=(PROTOCOL=BEQ)(PROGRAM=oracle)(ARGV0=oracleORCL)(ARGS='(DESCRIPTION=(LOCAL=YES)(ADDRESS=(PROTOCOL=beq)))'))(CONNECT_DATA=(SID=ORCL)(CID=(PROGRAM=C:\Arquivos de programas\Embarcadero\DBA51\Artisan.exe)(HOST=TERJ0PCS001770)(USER=64606))))

  VERSION INFORMATION:
	TNS for 32-bit Windows: Version 8.1.7.0.0 - Production
	Oracle Bequeath NT Protocol Adapter for 32-bit Windows: Version 8.1.7.0.0 - Production
  Time: 28-NOV-2003 19:08:36
  Tracing not turned on.
  Tns error struct:
    nr err code: 0
    ns main err code: 12560
    TNS-12560: TNS:erro de adaptador de protocolo
    ns secondary err code: 0
    nt main err code: 530
    TNS-00530: Erro do adaptador de protocolo
    nt secondary err code: 126
    nt OS err code: 0
