102.07.24 09:52 A Y:\Tecnologia da Informacao\Coord Infra-Estrutura e Operacoes TI\Suporte DBA\Scripts\Backup\arch_clean.sh <-- pcsprd01 /usr/oibackup/scripts arch_clean.sh
102.07.24 09:52 A Y:\Tecnologia da Informacao\Coord Infra-Estrutura e Operacoes TI\Suporte DBA\Scripts\Backup\arch_clean_all.sh <-- pcsprd01 /usr/oibackup/scripts arch_clean_all.sh
102.07.24 09:56 A Y:\Tecnologia da Informacao\Coord Infra-Estrutura e Operacoes TI\Suporte DBA\Scripts\Backup\arch_clean.sh --> pcsprd12 /usr/backup/scripts arch_clean.sh
102.07.24 09:56 A Y:\Tecnologia da Informacao\Coord Infra-Estrutura e Operacoes TI\Suporte DBA\Scripts\Backup\arch_clean_all.sh --> pcsprd12 /usr/backup/scripts arch_clean_all.sh
102.07.24 11:27 A Y:\Tecnologia da Informacao\Coord Infra-Estrutura e Operacoes TI\Suporte DBA\Scripts\Backup\arch_clean.sh --> 10.21.8.228 /usr/oibackup/scripts arch_clean.sh
102.07.24 11:27 A Y:\Tecnologia da Informacao\Coord Infra-Estrutura e Operacoes TI\Suporte DBA\Scripts\Backup\arch_clean_all.sh --> 10.21.8.228 /usr/oibackup/scripts arch_clean_all.sh
102.07.24 19:10 A Y:\Tecnologia da Informacao\Coord Infra-Estrutura e Operacoes TI\Suporte DBA\Scripts\Backup\arch_clean.sh --> pcsprd03 /usr/oibackup/scripts arch_clean.sh
102.07.24 19:10 A Y:\Tecnologia da Informacao\Coord Infra-Estrutura e Operacoes TI\Suporte DBA\Scripts\Backup\arch_clean_all.sh --> pcsprd03 /usr/oibackup/scripts arch_clean_all.sh
102.07.26 13:54 A Y:\Tecnologia da Informacao\Coord Infra-Estrutura e Operacoes TI\Suporte DBA\Scripts\Backup\arch_clean.sh --> bmppkgb /usr/backup/scripts arch_clean.sh
102.07.26 13:54 A Y:\Tecnologia da Informacao\Coord Infra-Estrutura e Operacoes TI\Suporte DBA\Scripts\Backup\arch_clean_all.sh --> bmppkgb /usr/backup/scripts arch_clean_all.sh
102.07.26 16:08 A Y:\Tecnologia da Informacao\Coord Infra-Estrutura e Operacoes TI\Suporte DBA\Scripts\Backup\arch_clean.sh <-- pcsprd11 /usr/backup/scripts arch_clean.sh
102.07.26 16:08 A Y:\Tecnologia da Informacao\Coord Infra-Estrutura e Operacoes TI\Suporte DBA\Scripts\Backup\arch_clean_all.sh <-- pcsprd11 /usr/backup/scripts arch_clean_all.sh
102.07.26 16:10 A Y:\Tecnologia da Informacao\Coord Infra-Estrutura e Operacoes TI\Suporte DBA\Scripts\Backup\arch_clean.sh --> cfmsprd /usr/backup/scripts arch_clean.sh
102.07.26 16:10 A Y:\Tecnologia da Informacao\Coord Infra-Estrutura e Operacoes TI\Suporte DBA\Scripts\Backup\arch_clean_all.sh --> cfmsprd /usr/backup/scripts arch_clean_all.sh
102.07.26 16:10 A Y:\Tecnologia da Informacao\Coord Infra-Estrutura e Operacoes TI\Suporte DBA\Scripts\Backup\arch_clean.sh --> kenprd07 /usr/oibackup/scripts arch_clean.sh
102.07.26 16:10 A Y:\Tecnologia da Informacao\Coord Infra-Estrutura e Operacoes TI\Suporte DBA\Scripts\Backup\arch_clean_all.sh --> kenprd07 /usr/oibackup/scripts arch_clean_all.sh
102.07.26 16:10 A Y:\Tecnologia da Informacao\Coord Infra-Estrutura e Operacoes TI\Suporte DBA\Scripts\Backup\arch_clean.sh --> pcsprd01 /usr/oibackup/scripts arch_clean.sh
102.07.26 16:10 A Y:\Tecnologia da Informacao\Coord Infra-Estrutura e Operacoes TI\Suporte DBA\Scripts\Backup\arch_clean_all.sh --> pcsprd01 /usr/oibackup/scripts arch_clean_all.sh
102.07.26 16:11 A Y:\Tecnologia da Informacao\Coord Infra-Estrutura e Operacoes TI\Suporte DBA\Scripts\Backup\arch_clean.sh --> pcsprd12 /usr/backup/scripts arch_clean.sh
102.07.26 16:11 A Y:\Tecnologia da Informacao\Coord Infra-Estrutura e Operacoes TI\Suporte DBA\Scripts\Backup\arch_clean_all.sh --> pcsprd12 /usr/backup/scripts arch_clean_all.sh
102.07.26 16:13 A Y:\Tecnologia da Informacao\Coord Infra-Estrutura e Operacoes TI\Suporte DBA\Scripts\Backup\arch_clean.sh --> 10.21.8.228 /usr/oibackup/scripts arch_clean.sh
102.07.26 16:13 A Y:\Tecnologia da Informacao\Coord Infra-Estrutura e Operacoes TI\Suporte DBA\Scripts\Backup\arch_clean_all.sh --> 10.21.8.228 /usr/oibackup/scripts arch_clean_all.sh
102.07.30 08:27 A Y:\Tecnologia da Informacao\Coord Infra-Estrutura e Operacoes TI\Suporte DBA\Scripts\Backup\bkp_ora.sh <-- kenprd07 /usr/oibackup/scripts bkp_ora.sh
102.07.30 08:27 A Y:\Tecnologia da Informacao\Coord Infra-Estrutura e Operacoes TI\Suporte DBA\Scripts\Backup\bkp_ora_all.sh <-- kenprd07 /usr/oibackup/scripts bkp_ora_all.sh
102.07.30 08:53 A Y:\Tecnologia da Informacao\Coord Infra-Estrutura e Operacoes TI\Suporte DBA\Scripts\Backup\bkp_ora.sh --> arbprd01 /usr/oibackup/scripts bkp_ora.sh
102.07.30 08:53 A Y:\Tecnologia da Informacao\Coord Infra-Estrutura e Operacoes TI\Suporte DBA\Scripts\Backup\bkp_ora_all.sh --> arbprd01 /usr/oibackup/scripts bkp_ora_all.sh
102.08.01 12:00 A Y:\Tecnologia da Informacao\Coord Infra-Estrutura e Operacoes TI\Suporte DBA\Scripts\Backup\bkp_ora.sh --> 10.21.8.204 /usr/oibackup/scripts bkp_ora.sh
102.08.01 12:00 A Y:\Tecnologia da Informacao\Coord Infra-Estrutura e Operacoes TI\Suporte DBA\Scripts\Backup\bkp_ora_all.sh --> 10.21.8.204 /usr/oibackup/scripts bkp_ora_all.sh
102.08.01 19:15 A Y:\Tecnologia da Informacao\Coord Infra-Estrutura e Operacoes TI\Suporte DBA\Scripts\Backup\bkp_begin_backup_all.doc --> cfmsprd /usr/backup/scripts/doc bkp_begin_backup_all.doc
102.08.01 19:19 A Y:\Tecnologia da Informacao\Coord Infra-Estrutura e Operacoes TI\Suporte DBA\Scripts\Backup\arch_clean_all.doc --> cfmsprd /usr/backup/scripts/doc arch_clean_all.doc
102.08.01 19:20 A Y:\Tecnologia da Informacao\Coord Infra-Estrutura e Operacoes TI\Suporte DBA\Scripts\Backup\bkp_begin_backup_all.doc --> cfmsprd /usr/backup/scripts/doc bkp_begin_backup_all.doc
102.08.01 19:20 A Y:\Tecnologia da Informacao\Coord Infra-Estrutura e Operacoes TI\Suporte DBA\Scripts\Backup\bkp_ctl_all.doc --> cfmsprd /usr/backup/scripts/doc bkp_ctl_all.doc
102.08.01 19:20 A Y:\Tecnologia da Informacao\Coord Infra-Estrutura e Operacoes TI\Suporte DBA\Scripts\Backup\bkp_end_backup_all.doc --> cfmsprd /usr/backup/scripts/doc bkp_end_backup_all.doc
102.08.02 15:05 A Y:\Tecnologia da Informacao\Coord Infra-Estrutura e Operacoes TI\Suporte DBA\Scripts\Backup\bkp_begin_backup_all.doc --> pcsprd03 /usr/oibackup/scripts/doc bkp_begin_backup_all.doc
102.08.02 15:08 A Y:\Tecnologia da Informacao\Coord Infra-Estrutura e Operacoes TI\Suporte DBA\Scripts\Backup\bkp_begin_backup_all.doc --> pcsdev03 /usr/backup/scripts/doc bkp_begin_backup_all.doc
102.08.02 15:08 A Y:\Tecnologia da Informacao\Coord Infra-Estrutura e Operacoes TI\Suporte DBA\Scripts\Backup\bkp_end_backup_all.doc --> pcsdev03 /usr/backup/scripts/doc bkp_end_backup_all.doc
102.08.02 15:09 A Y:\Tecnologia da Informacao\Coord Infra-Estrutura e Operacoes TI\Suporte DBA\Scripts\Backup\limpa_arch_all.doc --> pcsdev03 /usr/backup/scripts/doc limpa_arch_all.doc
102.08.02 15:10 A Y:\Tecnologia da Informacao\Coord Infra-Estrutura e Operacoes TI\Suporte DBA\Scripts\Backup\bkp_ctl_all.doc --> pcsdev03 /usr/backup/scripts/doc bkp_ctl_all.doc
102.08.02 15:17 A Y:\Tecnologia da Informacao\Coord Infra-Estrutura e Operacoes TI\Suporte DBA\Scripts\Backup\bkp_begin_backup_all.doc --> pcsprd12 /usr/backup/scripts/doc bkp_begin_backup_all.doc
102.08.02 15:17 A Y:\Tecnologia da Informacao\Coord Infra-Estrutura e Operacoes TI\Suporte DBA\Scripts\Backup\arch_clean_all.doc --> pcsprd12 /usr/backup/scripts/doc arch_clean_all.doc
102.08.02 15:17 A Y:\Tecnologia da Informacao\Coord Infra-Estrutura e Operacoes TI\Suporte DBA\Scripts\Backup\bkp_end_backup_all.doc --> pcsprd12 /usr/backup/scripts/doc bkp_end_backup_all.doc
102.08.02 15:17 A Y:\Tecnologia da Informacao\Coord Infra-Estrutura e Operacoes TI\Suporte DBA\Scripts\Backup\bkp_ctl_all.doc --> pcsprd12 /usr/backup/scripts/doc bkp_ctl_all.doc
102.08.02 15:23 A Y:\Tecnologia da Informacao\Coord Infra-Estrutura e Operacoes TI\Suporte DBA\Scripts\Backup\bkp_begin_backup_all.doc --> bllprddb /usr/backup/scripts/doc bkp_begin_backup_all.doc
102.08.02 15:24 A Y:\Tecnologia da Informacao\Coord Infra-Estrutura e Operacoes TI\Suporte DBA\Scripts\Backup\bkp_end_backup_all.doc --> bllprddb /usr/backup/scripts/doc bkp_end_backup_all.doc
102.08.02 15:24 A Y:\Tecnologia da Informacao\Coord Infra-Estrutura e Operacoes TI\Suporte DBA\Scripts\Backup\bkp_ctl_all.doc --> bllprddb /usr/backup/scripts/doc bkp_ctl_all.doc
102.08.02 15:26 A Y:\Tecnologia da Informacao\Coord Infra-Estrutura e Operacoes TI\Suporte DBA\Scripts\Backup\bkp_ora_all.doc --> rmsprd01 /usr/oibackup/scripts/doc bkp_ora_all.doc
102.08.02 15:26 A Y:\Tecnologia da Informacao\Coord Infra-Estrutura e Operacoes TI\Suporte DBA\Scripts\Backup\bkp_ctl_all.doc --> rmsprd01 /usr/oibackup/scripts/doc bkp_ctl_all.doc
102.08.02 15:31 B Y:\Tecnologia da Informacao\Coord Infra-Estrutura e Operacoes TI\Suporte DBA\Scripts\Backup\bkp_ora_all.doc --> arbprd01 /usr/oibackup/scripts/doc bkp_ora_all.doc
102.08.02 15:32 B Y:\Tecnologia da Informacao\Coord Infra-Estrutura e Operacoes TI\Suporte DBA\Scripts\Backup\backup_controlfile_prod.doc --> arbprd01 /usr/oibackup/scripts/doc backup_controlfile_prod.doc
102.08.02 15:58 B Y:\Tecnologia da Informacao\Coord Infra-Estrutura e Operacoes TI\Suporte DBA\Scripts\Backup\backup_controlfile_prod.doc --> bkpprd01 /usr/oibackup/scripts/doc backup_controlfile_prod.doc
102.08.02 15:58 A Y:\Tecnologia da Informacao\Coord Infra-Estrutura e Operacoes TI\Suporte DBA\Scripts\Backup\backup_controlfile_prod.doc --> bkpprd01 /usr/oibackup/scripts/doc backup_controlfile_prod.doc
102.08.02 16:07 A Y:\Tecnologia da Informacao\Coord Infra-Estrutura e Operacoes TI\Suporte DBA\Scripts\Backup\backup_controlfile_prod.doc --> bkpprd01 /usr/oibackup/scripts/doc backup_controlfile_prod.doc
102.08.02 16:11 A Y:\Tecnologia da Informacao\Coord Infra-Estrutura e Operacoes TI\Suporte DBA\Scripts\Backup\bkp_ora_all.doc --> kenprd15 /usr/oibackup/scripts/doc bkp_ora_all.doc
102.08.02 17:56 A Y:\Tecnologia da Informacao\Coord Infra-Estrutura e Operacoes TI\Suporte DBA\Scripts\Backup\bkp_ora_all.doc --> 10.21.8.228 /usr/oibackup/scripts/doc bkp_ora_all.doc
102.08.02 17:56 A Y:\Tecnologia da Informacao\Coord Infra-Estrutura e Operacoes TI\Suporte DBA\Scripts\Backup\arch_clean_all.doc --> 10.21.8.228 /usr/oibackup/scripts/doc arch_clean_all.doc
102.08.02 17:57 A Y:\Tecnologia da Informacao\Coord Infra-Estrutura e Operacoes TI\Suporte DBA\Scripts\Backup\bkp_ctl_all.doc --> 10.21.8.228 /usr/oibackup/scripts/doc bkp_ctl_all.doc
102.08.02 18:06 A Y:\Tecnologia da Informacao\Coord Infra-Estrutura e Operacoes TI\Suporte DBA\Scripts\Backup\bkp_ora_all.doc --> bmppkgb /usr/oibackup/scripts/doc bkp_ora_all.doc
102.08.02 18:07 A Y:\Tecnologia da Informacao\Coord Infra-Estrutura e Operacoes TI\Suporte DBA\Scripts\Backup\arch_clean_all.doc --> bmppkgb /usr/oibackup/scripts/doc arch_clean_all.doc
102.08.02 18:07 A Y:\Tecnologia da Informacao\Coord Infra-Estrutura e Operacoes TI\Suporte DBA\Scripts\Backup\bkp_ctl_all.doc --> bmppkgb /usr/oibackup/scripts/doc bkp_ctl_all.doc
102.08.02 18:10 A Y:\Tecnologia da Informacao\Coord Infra-Estrutura e Operacoes TI\Suporte DBA\Scripts\Backup\bkp_ora_all.doc --> pcsprd12 /usr/oibackup/scripts/doc bkp_ora_all.doc
102.08.02 18:10 A Y:\Tecnologia da Informacao\Coord Infra-Estrutura e Operacoes TI\Suporte DBA\Scripts\Backup\arch_clean_all.doc --> pcsprd12 /usr/oibackup/scripts/doc arch_clean_all.doc
102.08.02 18:10 A Y:\Tecnologia da Informacao\Coord Infra-Estrutura e Operacoes TI\Suporte DBA\Scripts\Backup\bkp_ctl_all.doc --> pcsprd12 /usr/oibackup/scripts/doc bkp_ctl_all.doc
102.08.02 18:19 A Y:\Tecnologia da Informacao\Coord Infra-Estrutura e Operacoes TI\Suporte DBA\Scripts\Backup\bkp_ora_all.doc --> kenprd07 /usr/oibackup/scripts/doc bkp_ora_all.doc
102.08.02 18:19 A Y:\Tecnologia da Informacao\Coord Infra-Estrutura e Operacoes TI\Suporte DBA\Scripts\Backup\arch_clean_all.doc --> kenprd07 /usr/oibackup/scripts/doc arch_clean_all.doc
102.08.02 18:21 A Y:\Tecnologia da Informacao\Coord Infra-Estrutura e Operacoes TI\Suporte DBA\Scripts\Backup\bkp_ctl_all.doc --> kenprd07 /usr/oibackup/scripts/doc bkp_ctl_all.doc
102.08.02 18:26 A Y:\Tecnologia da Informacao\Coord Infra-Estrutura e Operacoes TI\Suporte DBA\Scripts\Backup\shut_bcv.doc --> kenprd07 /usr/oibackup/scripts/doc shut_bcv.doc
102.08.02 18:27 A Y:\Tecnologia da Informacao\Coord Infra-Estrutura e Operacoes TI\Suporte DBA\Scripts\Backup\shut_bcv.doc --> kenprd07 /usr/oibackup/scripts/doc shut_bcv.doc
102.08.02 18:30 A Y:\Tecnologia da Informacao\Coord Infra-Estrutura e Operacoes TI\Suporte DBA\Scripts\Backup\bkp_ora_all.doc --> crmprd11 /usr/oibackup/scripts/doc bkp_ora_all.doc
102.08.02 20:50 A Y:\Tecnologia da Informacao\Coord Infra-Estrutura e Operacoes TI\Suporte DBA\Scripts\Backup\bkp_ora_all.doc --> crmprd11 /usr/oibackup/scripts bkp_ora_all.doc
102.08.02 20:51 A Y:\Tecnologia da Informacao\Coord Infra-Estrutura e Operacoes TI\Suporte DBA\Scripts\Backup\limpa_arch_all.doc --> crmprd11 /usr/oibackup/scripts limpa_arch_all.doc
102.08.02 20:53 A Y:\Tecnologia da Informacao\Coord Infra-Estrutura e Operacoes TI\Suporte DBA\Scripts\Backup\limpafs.doc --> crmprd11 /usr/oibackup/scripts limpafs.doc
102.08.02 20:54 A Y:\Tecnologia da Informacao\Coord Infra-Estrutura e Operacoes TI\Suporte DBA\Scripts\Backup\limpafs.doc --> crmprd11 /usr/oibackup/scripts/doc limpafs.doc
102.08.05 14:35 A Y:\Tecnologia da Informacao\Coord Infra-Estrutura e Operacoes TI\Suporte DBA\Scripts\Backup\start_bcv.doc --> kenprd07 /usr/oibackup/scripts/doc start_bcv.doc
102.08.05 14:38 A Y:\Tecnologia da Informacao\Coord Infra-Estrutura e Operacoes TI\Suporte DBA\Scripts\Backup\bkp_ora_all.doc --> vitprd11 /usr/oibackup/scripts/doc bkp_ora_all.doc
102.08.05 14:38 A Y:\Tecnologia da Informacao\Coord Infra-Estrutura e Operacoes TI\Suporte DBA\Scripts\Backup\limpafs.doc --> vitprd11 /usr/oibackup/scripts/doc limpafs.doc
102.08.05 14:39 A Y:\Tecnologia da Informacao\Coord Infra-Estrutura e Operacoes TI\Suporte DBA\Scripts\Backup\backup_controlfile_prod.doc --> vitprd11 /usr/oibackup/scripts/doc backup_controlfile_prod.doc
102.08.05 14:44 A Y:\Tecnologia da Informacao\Coord Infra-Estrutura e Operacoes TI\Suporte DBA\Scripts\Backup\bkp_ora_all.doc --> pcsprd01 /usr/oibackup/scripts/doc bkp_ora_all.doc
102.08.05 14:44 A Y:\Tecnologia da Informacao\Coord Infra-Estrutura e Operacoes TI\Suporte DBA\Scripts\Backup\arch_clean_all.doc --> pcsprd01 /usr/oibackup/scripts/doc arch_clean_all.doc
102.08.05 14:44 A Y:\Tecnologia da Informacao\Coord Infra-Estrutura e Operacoes TI\Suporte DBA\Scripts\Backup\bkp_ctl_all.doc --> pcsprd01 /usr/oibackup/scripts/doc bkp_ctl_all.doc
102.08.05 14:47 A Y:\Tecnologia da Informacao\Coord Infra-Estrutura e Operacoes TI\Suporte DBA\Scripts\Backup\bkp_ora_all.doc --> pcsprd03 /usr/oibackup/scripts/doc bkp_ora_all.doc
102.08.05 14:48 A Y:\Tecnologia da Informacao\Coord Infra-Estrutura e Operacoes TI\Suporte DBA\Scripts\Backup\arch_clean_all.doc --> pcsprd03 /usr/oibackup/scripts/doc arch_clean_all.doc
102.08.05 14:49 A Y:\Tecnologia da Informacao\Coord Infra-Estrutura e Operacoes TI\Suporte DBA\Scripts\Backup\bkp_ctl_all.doc --> pcsprd03 /usr/oibackup/scripts/doc bkp_ctl_all.doc
102.08.13 13:02 A Y:\Tecnologia da Informacao\Coord Infra-Estrutura e Operacoes TI\Suporte DBA\Scripts\Backup\bkp_ora.sh --> vitprd11 /usr/oibackup/scripts bkp_ora.sh
102.08.13 13:02 A Y:\Tecnologia da Informacao\Coord Infra-Estrutura e Operacoes TI\Suporte DBA\Scripts\Backup\bkp_ora_all.sh --> vitprd11 /usr/oibackup/scripts bkp_ora_all.sh
102.08.16 11:41 A Y:\Tecnologia da Informacao\Coord Infra-Estrutura e Operacoes TI\Suporte DBA\Scripts\Backup\arch_clean.sh --> vitprd11 /usr/oibackup/scripts arch_clean.sh
102.08.16 11:41 A Y:\Tecnologia da Informacao\Coord Infra-Estrutura e Operacoes TI\Suporte DBA\Scripts\Backup\arch_clean_all.sh --> vitprd11 /usr/oibackup/scripts arch_clean_all.sh
102.08.30 15:37 A Y:\Tecnologia da Informacao\Coord Infra-Estrutura e Operacoes TI\Suporte DBA\Scripts\Backup\arch_clean.sh --> rmsprd01 /usr/oibackup/scripts arch_clean.sh
102.08.30 15:37 A Y:\Tecnologia da Informacao\Coord Infra-Estrutura e Operacoes TI\Suporte DBA\Scripts\Backup\arch_clean_all.sh --> rmsprd01 /usr/oibackup/scripts arch_clean_all.sh
102.09.03 13:51 A Y:\Tecnologia da Informacao\Coord Infra-Estrutura e Operacoes TI\Suporte DBA\Scripts\Backup\bkp_ora.sh <-- kenprd07 /usr/oibackup/scripts bkp_ora.sh
102.09.04 15:44 A Y:\Tecnologia da Informacao\Coord Infra-Estrutura e Operacoes TI\Suporte DBA\Scripts\Backup\bkp_ora.sh --> 10.123.33.44 /oracle/backup bkp_ora.sh
102.09.04 15:45 A Y:\Tecnologia da Informacao\Coord Infra-Estrutura e Operacoes TI\Suporte DBA\Scripts\Backup\bkp_ctl.sh --> 10.123.33.44 /oracle/backup bkp_ctl.sh
102.09.09 17:57 A Y:\Tecnologia da Informacao\Coord Infra-Estrutura e Operacoes TI\Suporte DBA\Scripts\Backup\arch_clean.sh --> bllprddb /pmsora00/dbascripts arch_clean.sh
102.09.09 17:57 A Y:\Tecnologia da Informacao\Coord Infra-Estrutura e Operacoes TI\Suporte DBA\Scripts\Backup\arch_clean_all.sh --> bllprddb /pmsora00/dbascripts arch_clean_all.sh
102.09.09 18:30 A Y:\Tecnologia da Informacao\Coord Infra-Estrutura e Operacoes TI\Suporte DBA\Scripts\Backup\arch_clean.sh <-- ppgprd01 /usr/backup/scripts arch_clean.sh
102.09.10 17:43 A Y:\Tecnologia da Informacao\Coord Infra-Estrutura e Operacoes TI\Suporte DBA\Scripts\Backup\bkp_ora.sh --> pcpprd01 /usr/oibackup/scripts bkp_ora.sh
102.09.10 17:43 A Y:\Tecnologia da Informacao\Coord Infra-Estrutura e Operacoes TI\Suporte DBA\Scripts\Backup\bkp_ora_all.sh --> pcpprd01 /usr/oibackup/scripts bkp_ora_all.sh
102.09.10 18:26 A Y:\Tecnologia da Informacao\Coord Infra-Estrutura e Operacoes TI\Suporte DBA\Scripts\Backup\bkp_ctl.sh <-- kenprd07 /usr/oibackup/scripts bkp_ctl.sh
102.09.10 18:26 A Y:\Tecnologia da Informacao\Coord Infra-Estrutura e Operacoes TI\Suporte DBA\Scripts\Backup\bkp_ctl_all.sh <-- kenprd07 /usr/oibackup/scripts bkp_ctl_all.sh
102.09.10 18:27 A Y:\Tecnologia da Informacao\Coord Infra-Estrutura e Operacoes TI\Suporte DBA\Scripts\Backup\bkp_ctl.sh --> pcpprd01 /usr/oibackup/scripts bkp_ctl.sh
102.09.10 18:27 A Y:\Tecnologia da Informacao\Coord Infra-Estrutura e Operacoes TI\Suporte DBA\Scripts\Backup\bkp_ctl_all.sh --> pcpprd01 /usr/oibackup/scripts bkp_ctl_all.sh
102.09.13 08:12 A Y:\Tecnologia da Informacao\Coord Infra-Estrutura e Operacoes TI\Suporte DBA\Scripts\Backup\arch_clean.sh --> 10.123.33.44 /usr/oibackup/scripts arch_clean.sh
102.09.13 08:12 A Y:\Tecnologia da Informacao\Coord Infra-Estrutura e Operacoes TI\Suporte DBA\Scripts\Backup\arch_clean_all.sh --> 10.123.33.44 /usr/oibackup/scripts arch_clean_all.sh
102.09.13 08:13 A Y:\Tecnologia da Informacao\Coord Infra-Estrutura e Operacoes TI\Suporte DBA\Scripts\Backup\bkp_ora.sh --> 10.123.33.44 /usr/oibackup/scripts bkp_ora.sh
102.09.13 08:13 A Y:\Tecnologia da Informacao\Coord Infra-Estrutura e Operacoes TI\Suporte DBA\Scripts\Backup\bkp_ora_all.sh --> 10.123.33.44 /usr/oibackup/scripts bkp_ora_all.sh
102.10.25 11:30 A Y:\Tecnologia da Informacao\Coord Infra-Estrutura e Operacoes TI\Suporte DBA\Scripts\Backup\arch_clean.sh --> arbprd01 /usr/oibackup/scripts arch_clean.sh
102.10.25 11:30 A Y:\Tecnologia da Informacao\Coord Infra-Estrutura e Operacoes TI\Suporte DBA\Scripts\Backup\arch_clean_all.sh --> arbprd01 /usr/oibackup/scripts arch_clean_all.sh
102.11.07 15:38 A Y:\Tecnologia da Informacao\Coord Infra-Estrutura e Operacoes TI\Suporte DBA\Scripts\Backup\bkp_ctl.sh <-- sun1 /usr/oibackup/scripts bkp_ctl.sh
102.11.07 15:38 A Y:\Tecnologia da Informacao\Coord Infra-Estrutura e Operacoes TI\Suporte DBA\Scripts\Backup\bkp_ctl_all.sh <-- sun1 /usr/oibackup/scripts bkp_ctl_all.sh
102.11.07 15:39 A Y:\Tecnologia da Informacao\Coord Infra-Estrutura e Operacoes TI\Suporte DBA\Scripts\Backup\bkp_ctl.sh --> vitprd11 /usr/oibackup/scripts bkp_ctl.sh
102.11.07 15:39 A Y:\Tecnologia da Informacao\Coord Infra-Estrutura e Operacoes TI\Suporte DBA\Scripts\Backup\bkp_ctl_all.sh --> vitprd11 /usr/oibackup/scripts bkp_ctl_all.sh
102.11.08 08:01 A Y:\Tecnologia da Informacao\Coord Infra-Estrutura e Operacoes TI\Suporte DBA\Scripts\Backup\bkp_ctl.sh --> arbprd01 /usr/oibackup/scripts bkp_ctl.sh
102.11.08 08:01 A Y:\Tecnologia da Informacao\Coord Infra-Estrutura e Operacoes TI\Suporte DBA\Scripts\Backup\bkp_ctl_all.sh --> arbprd01 /usr/oibackup/scripts bkp_ctl_all.sh
102.11.08 08:13 A Y:\Tecnologia da Informacao\Coord Infra-Estrutura e Operacoes TI\Suporte DBA\Scripts\Backup\bkp_ctl.sh --> kenprd07 /usr/oibackup/scripts bkp_ctl.sh
102.11.08 08:13 A Y:\Tecnologia da Informacao\Coord Infra-Estrutura e Operacoes TI\Suporte DBA\Scripts\Backup\bkp_ctl_all.sh --> kenprd07 /usr/oibackup/scripts bkp_ctl_all.sh
102.11.08 09:45 A Y:\Tecnologia da Informacao\Coord Infra-Estrutura e Operacoes TI\Suporte DBA\Scripts\Backup\bkp_ctl.sh --> kenprd15 /usr/oibackup/scripts bkp_ctl.sh
102.11.08 09:45 A Y:\Tecnologia da Informacao\Coord Infra-Estrutura e Operacoes TI\Suporte DBA\Scripts\Backup\bkp_ctl_all.sh --> kenprd15 /usr/oibackup/scripts bkp_ctl_all.sh
102.11.08 09:46 A Y:\Tecnologia da Informacao\Coord Infra-Estrutura e Operacoes TI\Suporte DBA\Scripts\Backup\bkp_ctl.sh --> crmprd11 /usr/oibackup/scripts bkp_ctl.sh
102.11.08 09:46 A Y:\Tecnologia da Informacao\Coord Infra-Estrutura e Operacoes TI\Suporte DBA\Scripts\Backup\bkp_ctl_all.sh --> crmprd11 /usr/oibackup/scripts bkp_ctl_all.sh
102.12.03 11:50 A Y:\Tecnologia da Informacao\Coord Infra-Estrutura e Operacoes TI\Suporte DBA\Scripts\Backup\bkp_ctl.sh --> rmsprd01 /usr/oibackup/scripts bkp_ctl.sh
102.12.03 11:50 A Y:\Tecnologia da Informacao\Coord Infra-Estrutura e Operacoes TI\Suporte DBA\Scripts\Backup\bkp_ctl_all.sh --> rmsprd01 /usr/oibackup/scripts bkp_ctl_all.sh
103.01.10 15:27 A Y:\Tecnologia da Informacao\Coord Infra-Estrutura e Operacoes TI\Suporte DBA\Scripts\Backup\bkp_ora.sh --> bllprddb /usr/backup/scripts bkp_ora.sh
103.01.10 15:27 A Y:\Tecnologia da Informacao\Coord Infra-Estrutura e Operacoes TI\Suporte DBA\Scripts\Backup\bkp_ora_all.sh --> bllprddb /usr/backup/scripts bkp_ora_all.sh
103.01.10 15:40 A Y:\Tecnologia da Informacao\Coord Infra-Estrutura e Operacoes TI\Suporte DBA\Scripts\Backup\bkp_ora.sh <-- ppgprd01 /usr/backup/scripts bkp_ora.sh
103.01.20 14:22 B Y:\Tecnologia da Informacao\Coord Infra-Estrutura e Operacoes TI\Suporte DBA\Scripts\Backup\bkp_ora.sh --> arbprd01 /usr/oibackup/scripts bkp_ora.sh
103.01.20 14:22 B Y:\Tecnologia da Informacao\Coord Infra-Estrutura e Operacoes TI\Suporte DBA\Scripts\Backup\bkp_ora_all.sh --> arbprd01 /usr/oibackup/scripts bkp_ora_all.sh
103.01.20 14:28 A Y:\Tecnologia da Informacao\Coord Infra-Estrutura e Operacoes TI\Suporte DBA\Scripts\Backup\bkp_ora.sh --> arbprd01 /usr/oibackup/scripts bkp_ora.sh
103.01.20 14:28 A Y:\Tecnologia da Informacao\Coord Infra-Estrutura e Operacoes TI\Suporte DBA\Scripts\Backup\bkp_ora_all.sh --> arbprd01 /usr/oibackup/scripts bkp_ora_all.sh
103.02.07 11:45 A Y:\Tecnologia da Informacao\Coord Infra-Estrutura e Operacoes TI\Suporte DBA\Scripts\Backup\bkp_ora.sh <-- kenprd15 /usr/oibackup/scripts bkp_ora.sh
103.02.07 11:46 A Y:\Tecnologia da Informacao\Coord Infra-Estrutura e Operacoes TI\Suporte DBA\Scripts\Backup\bkp_ora.sh --> cfmsprd /usr/backup/scripts bkp_ora.sh
103.02.07 12:47 A Y:\Tecnologia da Informacao\Coord Infra-Estrutura e Operacoes TI\Suporte DBA\Scripts\Backup\bkp_ora.sh --> 10.20.16.63 /usr/oibackup/scripts bkp_ora.sh
103.02.07 12:48 A Y:\Tecnologia da Informacao\Coord Infra-Estrutura e Operacoes TI\Suporte DBA\Scripts\Backup\bkp_ora.sh --> crmprd11 /usr/oibackup/scripts bkp_ora.sh
103.02.07 12:49 A Y:\Tecnologia da Informacao\Coord Infra-Estrutura e Operacoes TI\Suporte DBA\Scripts\Backup\bkp_ora.sh --> arbprd01 /usr/oibackup/scripts bkp_ora.sh
103.02.07 12:49 A Y:\Tecnologia da Informacao\Coord Infra-Estrutura e Operacoes TI\Suporte DBA\Scripts\Backup\bkp_ora.sh --> kenprd07 /usr/oibackup/scripts bkp_ora.sh
103.02.07 12:50 A Y:\Tecnologia da Informacao\Coord Infra-Estrutura e Operacoes TI\Suporte DBA\Scripts\Backup\bkp_ora.sh --> kenprd15 /usr/oibackup/scripts bkp_ora.sh
103.02.07 12:50 A Y:\Tecnologia da Informacao\Coord Infra-Estrutura e Operacoes TI\Suporte DBA\Scripts\Backup\bkp_ora.sh --> 10.21.8.228 /usr/oibackup/scripts bkp_ora.sh
103.02.07 12:51 A Y:\Tecnologia da Informacao\Coord Infra-Estrutura e Operacoes TI\Suporte DBA\Scripts\Backup\bkp_ora.sh --> pcsprd01 /usr/oibackup/scripts bkp_ora.sh
103.02.07 12:51 A Y:\Tecnologia da Informacao\Coord Infra-Estrutura e Operacoes TI\Suporte DBA\Scripts\Backup\bkp_ora.sh --> pcsprd03 /usr/oibackup/scripts bkp_ora.sh
103.02.07 13:00 A Y:\Tecnologia da Informacao\Coord Infra-Estrutura e Operacoes TI\Suporte DBA\Scripts\Backup\bkp_ora.sh --> pcsprd03 /usr/oibackup/scripts bkp_ora.sh
103.02.07 13:01 A Y:\Tecnologia da Informacao\Coord Infra-Estrutura e Operacoes TI\Suporte DBA\Scripts\Backup\bkp_ora.sh --> bmppkgb /usr/oibackup/scripts bkp_ora.sh
103.02.07 13:01 A Y:\Tecnologia da Informacao\Coord Infra-Estrutura e Operacoes TI\Suporte DBA\Scripts\Backup\bkp_ora.sh --> pcsprd12 /usr/oibackup/scripts bkp_ora.sh
103.02.07 13:02 A Y:\Tecnologia da Informacao\Coord Infra-Estrutura e Operacoes TI\Suporte DBA\Scripts\Backup\bkp_ora.sh --> bllprddb /usr/backup/scripts bkp_ora.sh
103.02.07 13:02 A Y:\Tecnologia da Informacao\Coord Infra-Estrutura e Operacoes TI\Suporte DBA\Scripts\Backup\bkp_ora.sh --> 10.20.16.95 /usr/oibackup/scripts bkp_ora.sh
103.02.07 13:02 A Y:\Tecnologia da Informacao\Coord Infra-Estrutura e Operacoes TI\Suporte DBA\Scripts\Backup\bkp_ora.sh --> rmsprd01 /usr/oibackup/scripts bkp_ora.sh
103.02.07 13:03 A Y:\Tecnologia da Informacao\Coord Infra-Estrutura e Operacoes TI\Suporte DBA\Scripts\Backup\bkp_ora.sh --> 10.123.33.135 /usr/oibackup/scripts bkp_ora.sh
103.02.07 13:04 A Y:\Tecnologia da Informacao\Coord Infra-Estrutura e Operacoes TI\Suporte DBA\Scripts\Backup\bkp_ora.sh --> vitprd11 /usr/oibackup/scripts bkp_ora.sh
